/ceph/home/muhan01/wangxiyuan/GraphAsSet/utils.py:20: UserWarning: not equivalent to Identity
  warnings.warn("not equivalent to Identity")
/ceph/home/muhan01/wangxiyuan/GraphAsSet/utils.py:20: UserWarning: not equivalent to Identity
  warnings.warn("not equivalent to Identity")
/ceph/home/muhan01/wangxiyuan/GraphAsSet/utils.py:20: UserWarning: not equivalent to Identity
  warnings.warn("not equivalent to Identity")
/ceph/home/muhan01/wangxiyuan/GraphAsSet/utils.py:20: UserWarning: not equivalent to Identity
  warnings.warn("not equivalent to Identity")
/ceph/home/muhan01/wangxiyuan/GraphAsSet/utils.py:20: UserWarning: not equivalent to Identity
  warnings.warn("not equivalent to Identity")
/ceph/home/muhan01/wangxiyuan/GraphAsSet/utils.py:20: UserWarning: not equivalent to Identity
  warnings.warn("not equivalent to Identity")
/ceph/home/muhan01/wangxiyuan/GraphAsSet/utils.py:20: UserWarning: not equivalent to Identity
  warnings.warn("not equivalent to Identity")
/ceph/home/muhan01/wangxiyuan/GraphAsSet/utils.py:20: UserWarning: not equivalent to Identity
  warnings.warn("not equivalent to Identity")
/ceph/home/muhan01/miniconda3/envs/torch2/lib/python3.10/site-packages/torch/cuda/amp/grad_scaler.py:120: UserWarning: torch.cuda.amp.GradScaler is enabled, but CUDA is not available.  Disabling.
  warnings.warn("torch.cuda.amp.GradScaler is enabled, but CUDA is not available.  Disabling.")
/ceph/home/muhan01/miniconda3/envs/torch2/lib/python3.10/site-packages/torch/amp/autocast_mode.py:204: UserWarning: User provided device_type of 'cuda', but CUDA is not available. Disabling
  warnings.warn('User provided device_type of \'cuda\', but CUDA is not available. Disabling')
/ceph/home/muhan01/miniconda3/envs/torch2/lib/python3.10/site-packages/torch/cuda/amp/grad_scaler.py:120: UserWarning: torch.cuda.amp.GradScaler is enabled, but CUDA is not available.  Disabling.
  warnings.warn("torch.cuda.amp.GradScaler is enabled, but CUDA is not available.  Disabling.")
/ceph/home/muhan01/miniconda3/envs/torch2/lib/python3.10/site-packages/torch/amp/autocast_mode.py:204: UserWarning: User provided device_type of 'cuda', but CUDA is not available. Disabling
  warnings.warn('User provided device_type of \'cuda\', but CUDA is not available. Disabling')
/ceph/home/muhan01/miniconda3/envs/torch2/lib/python3.10/site-packages/torch/cuda/amp/grad_scaler.py:120: UserWarning: torch.cuda.amp.GradScaler is enabled, but CUDA is not available.  Disabling.
  warnings.warn("torch.cuda.amp.GradScaler is enabled, but CUDA is not available.  Disabling.")
/ceph/home/muhan01/miniconda3/envs/torch2/lib/python3.10/site-packages/torch/amp/autocast_mode.py:204: UserWarning: User provided device_type of 'cuda', but CUDA is not available. Disabling
  warnings.warn('User provided device_type of \'cuda\', but CUDA is not available. Disabling')
/ceph/home/muhan01/miniconda3/envs/torch2/lib/python3.10/site-packages/torch/cuda/amp/grad_scaler.py:120: UserWarning: torch.cuda.amp.GradScaler is enabled, but CUDA is not available.  Disabling.
  warnings.warn("torch.cuda.amp.GradScaler is enabled, but CUDA is not available.  Disabling.")
/ceph/home/muhan01/miniconda3/envs/torch2/lib/python3.10/site-packages/torch/amp/autocast_mode.py:204: UserWarning: User provided device_type of 'cuda', but CUDA is not available. Disabling
  warnings.warn('User provided device_type of \'cuda\', but CUDA is not available. Disabling')
No CUDA runtime is found, using CUDA_HOME='/cm/shared/apps/cuda11.7/toolkit/11.7.1'
No CUDA runtime is found, using CUDA_HOME='/cm/shared/apps/cuda11.7/toolkit/11.7.1'
No CUDA runtime is found, using CUDA_HOME='/cm/shared/apps/cuda11.7/toolkit/11.7.1'
No CUDA runtime is found, using CUDA_HOME='/cm/shared/apps/cuda11.7/toolkit/11.7.1'
/ceph/home/muhan01/miniconda3/envs/torch2/lib/python3.10/site-packages/torch/amp/autocast_mode.py:204: UserWarning: User provided device_type of 'cuda', but CUDA is not available. Disabling
  warnings.warn('User provided device_type of \'cuda\', but CUDA is not available. Disabling')
/ceph/home/muhan01/miniconda3/envs/torch2/lib/python3.10/site-packages/torch/amp/autocast_mode.py:204: UserWarning: User provided device_type of 'cuda', but CUDA is not available. Disabling
  warnings.warn('User provided device_type of \'cuda\', but CUDA is not available. Disabling')
/ceph/home/muhan01/miniconda3/envs/torch2/lib/python3.10/site-packages/torch/amp/autocast_mode.py:204: UserWarning: User provided device_type of 'cuda', but CUDA is not available. Disabling
  warnings.warn('User provided device_type of \'cuda\', but CUDA is not available. Disabling')
/ceph/home/muhan01/miniconda3/envs/torch2/lib/python3.10/site-packages/torch/amp/autocast_mode.py:204: UserWarning: User provided device_type of 'cuda', but CUDA is not available. Disabling
  warnings.warn('User provided device_type of \'cuda\', but CUDA is not available. Disabling')
/ceph/home/muhan01/miniconda3/envs/torch2/lib/python3.10/site-packages/torch/amp/autocast_mode.py:204: UserWarning: User provided device_type of 'cuda', but CUDA is not available. Disabling
  warnings.warn('User provided device_type of \'cuda\', but CUDA is not available. Disabling')
/ceph/home/muhan01/miniconda3/envs/torch2/lib/python3.10/site-packages/torch/amp/autocast_mode.py:204: UserWarning: User provided device_type of 'cuda', but CUDA is not available. Disabling
  warnings.warn('User provided device_type of \'cuda\', but CUDA is not available. Disabling')
/ceph/home/muhan01/miniconda3/envs/torch2/lib/python3.10/site-packages/torch/amp/autocast_mode.py:204: UserWarning: User provided device_type of 'cuda', but CUDA is not available. Disabling
  warnings.warn('User provided device_type of \'cuda\', but CUDA is not available. Disabling')
/ceph/home/muhan01/miniconda3/envs/torch2/lib/python3.10/site-packages/torch/amp/autocast_mode.py:204: UserWarning: User provided device_type of 'cuda', but CUDA is not available. Disabling
  warnings.warn('User provided device_type of \'cuda\', but CUDA is not available. Disabling')
/ceph/home/muhan01/miniconda3/envs/torch2/lib/python3.10/site-packages/torch/optim/lr_scheduler.py:139: UserWarning: Detected call of `lr_scheduler.step()` before `optimizer.step()`. In PyTorch 1.1.0 and later, you should call them in the opposite order: `optimizer.step()` before `lr_scheduler.step()`.  Failure to do this will result in PyTorch skipping the first value of the learning rate schedule. See more details at https://pytorch.org/docs/stable/optim.html#how-to-adjust-learning-rate
  warnings.warn("Detected call of `lr_scheduler.step()` before `optimizer.step()`. "
/ceph/home/muhan01/miniconda3/envs/torch2/lib/python3.10/site-packages/torch/optim/lr_scheduler.py:139: UserWarning: Detected call of `lr_scheduler.step()` before `optimizer.step()`. In PyTorch 1.1.0 and later, you should call them in the opposite order: `optimizer.step()` before `lr_scheduler.step()`.  Failure to do this will result in PyTorch skipping the first value of the learning rate schedule. See more details at https://pytorch.org/docs/stable/optim.html#how-to-adjust-learning-rate
  warnings.warn("Detected call of `lr_scheduler.step()` before `optimizer.step()`. "
/ceph/home/muhan01/miniconda3/envs/torch2/lib/python3.10/site-packages/torch/optim/lr_scheduler.py:139: UserWarning: Detected call of `lr_scheduler.step()` before `optimizer.step()`. In PyTorch 1.1.0 and later, you should call them in the opposite order: `optimizer.step()` before `lr_scheduler.step()`.  Failure to do this will result in PyTorch skipping the first value of the learning rate schedule. See more details at https://pytorch.org/docs/stable/optim.html#how-to-adjust-learning-rate
  warnings.warn("Detected call of `lr_scheduler.step()` before `optimizer.step()`. "
/ceph/home/muhan01/miniconda3/envs/torch2/lib/python3.10/site-packages/torch/amp/autocast_mode.py:204: UserWarning: User provided device_type of 'cuda', but CUDA is not available. Disabling
  warnings.warn('User provided device_type of \'cuda\', but CUDA is not available. Disabling')
/ceph/home/muhan01/miniconda3/envs/torch2/lib/python3.10/site-packages/torch/amp/autocast_mode.py:204: UserWarning: User provided device_type of 'cuda', but CUDA is not available. Disabling
  warnings.warn('User provided device_type of \'cuda\', but CUDA is not available. Disabling')
/ceph/home/muhan01/miniconda3/envs/torch2/lib/python3.10/site-packages/torch/amp/autocast_mode.py:204: UserWarning: User provided device_type of 'cuda', but CUDA is not available. Disabling
  warnings.warn('User provided device_type of \'cuda\', but CUDA is not available. Disabling')
/ceph/home/muhan01/miniconda3/envs/torch2/lib/python3.10/site-packages/torch/amp/autocast_mode.py:204: UserWarning: User provided device_type of 'cuda', but CUDA is not available. Disabling
  warnings.warn('User provided device_type of \'cuda\', but CUDA is not available. Disabling')
slurmstepd: error: *** JOB 19438 ON node010 CANCELLED AT 2023-11-13T04:13:43 ***
