/ceph/home/muhan01/wangxiyuan/GraphAsSet/utils.py:20: UserWarning: not equivalent to Identity
  warnings.warn("not equivalent to Identity")
/ceph/home/muhan01/wangxiyuan/GraphAsSet/utils.py:20: UserWarning: not equivalent to Identity
  warnings.warn("not equivalent to Identity")
/ceph/home/muhan01/wangxiyuan/GraphAsSet/utils.py:20: UserWarning: not equivalent to Identity
  warnings.warn("not equivalent to Identity")
/ceph/home/muhan01/wangxiyuan/GraphAsSet/utils.py:20: UserWarning: not equivalent to Identity
  warnings.warn("not equivalent to Identity")
/ceph/home/muhan01/wangxiyuan/GraphAsSet/utils.py:20: UserWarning: not equivalent to Identity
  warnings.warn("not equivalent to Identity")
/ceph/home/muhan01/wangxiyuan/GraphAsSet/utils.py:20: UserWarning: not equivalent to Identity
  warnings.warn("not equivalent to Identity")
/ceph/home/muhan01/wangxiyuan/GraphAsSet/utils.py:20: UserWarning: not equivalent to Identity
  warnings.warn("not equivalent to Identity")
/ceph/home/muhan01/wangxiyuan/GraphAsSet/utils.py:20: UserWarning: not equivalent to Identity
  warnings.warn("not equivalent to Identity")
/ceph/home/muhan01/miniconda3/envs/torch2/lib/python3.10/site-packages/torch/cuda/amp/grad_scaler.py:120: UserWarning: torch.cuda.amp.GradScaler is enabled, but CUDA is not available.  Disabling.
  warnings.warn("torch.cuda.amp.GradScaler is enabled, but CUDA is not available.  Disabling.")
/ceph/home/muhan01/miniconda3/envs/torch2/lib/python3.10/site-packages/torch/amp/autocast_mode.py:204: UserWarning: User provided device_type of 'cuda', but CUDA is not available. Disabling
  warnings.warn('User provided device_type of \'cuda\', but CUDA is not available. Disabling')
/ceph/home/muhan01/miniconda3/envs/torch2/lib/python3.10/site-packages/torch/cuda/amp/grad_scaler.py:120: UserWarning: torch.cuda.amp.GradScaler is enabled, but CUDA is not available.  Disabling.
  warnings.warn("torch.cuda.amp.GradScaler is enabled, but CUDA is not available.  Disabling.")
/ceph/home/muhan01/miniconda3/envs/torch2/lib/python3.10/site-packages/torch/amp/autocast_mode.py:204: UserWarning: User provided device_type of 'cuda', but CUDA is not available. Disabling
  warnings.warn('User provided device_type of \'cuda\', but CUDA is not available. Disabling')
/ceph/home/muhan01/miniconda3/envs/torch2/lib/python3.10/site-packages/torch/cuda/amp/grad_scaler.py:120: UserWarning: torch.cuda.amp.GradScaler is enabled, but CUDA is not available.  Disabling.
  warnings.warn("torch.cuda.amp.GradScaler is enabled, but CUDA is not available.  Disabling.")
/ceph/home/muhan01/miniconda3/envs/torch2/lib/python3.10/site-packages/torch/amp/autocast_mode.py:204: UserWarning: User provided device_type of 'cuda', but CUDA is not available. Disabling
  warnings.warn('User provided device_type of \'cuda\', but CUDA is not available. Disabling')
/ceph/home/muhan01/miniconda3/envs/torch2/lib/python3.10/site-packages/torch/cuda/amp/grad_scaler.py:120: UserWarning: torch.cuda.amp.GradScaler is enabled, but CUDA is not available.  Disabling.
  warnings.warn("torch.cuda.amp.GradScaler is enabled, but CUDA is not available.  Disabling.")
/ceph/home/muhan01/miniconda3/envs/torch2/lib/python3.10/site-packages/torch/amp/autocast_mode.py:204: UserWarning: User provided device_type of 'cuda', but CUDA is not available. Disabling
  warnings.warn('User provided device_type of \'cuda\', but CUDA is not available. Disabling')
/ceph/home/muhan01/miniconda3/envs/torch2/lib/python3.10/site-packages/torch/cuda/amp/grad_scaler.py:120: UserWarning: torch.cuda.amp.GradScaler is enabled, but CUDA is not available.  Disabling.
  warnings.warn("torch.cuda.amp.GradScaler is enabled, but CUDA is not available.  Disabling.")
/ceph/home/muhan01/miniconda3/envs/torch2/lib/python3.10/site-packages/torch/amp/autocast_mode.py:204: UserWarning: User provided device_type of 'cuda', but CUDA is not available. Disabling
  warnings.warn('User provided device_type of \'cuda\', but CUDA is not available. Disabling')
/ceph/home/muhan01/miniconda3/envs/torch2/lib/python3.10/site-packages/torch/cuda/amp/grad_scaler.py:120: UserWarning: torch.cuda.amp.GradScaler is enabled, but CUDA is not available.  Disabling.
  warnings.warn("torch.cuda.amp.GradScaler is enabled, but CUDA is not available.  Disabling.")
/ceph/home/muhan01/miniconda3/envs/torch2/lib/python3.10/site-packages/torch/amp/autocast_mode.py:204: UserWarning: User provided device_type of 'cuda', but CUDA is not available. Disabling
  warnings.warn('User provided device_type of \'cuda\', but CUDA is not available. Disabling')
/ceph/home/muhan01/miniconda3/envs/torch2/lib/python3.10/site-packages/torch/cuda/amp/grad_scaler.py:120: UserWarning: torch.cuda.amp.GradScaler is enabled, but CUDA is not available.  Disabling.
  warnings.warn("torch.cuda.amp.GradScaler is enabled, but CUDA is not available.  Disabling.")
/ceph/home/muhan01/miniconda3/envs/torch2/lib/python3.10/site-packages/torch/amp/autocast_mode.py:204: UserWarning: User provided device_type of 'cuda', but CUDA is not available. Disabling
  warnings.warn('User provided device_type of \'cuda\', but CUDA is not available. Disabling')
No CUDA runtime is found, using CUDA_HOME='/cm/shared/apps/cuda11.7/toolkit/11.7.1'
No CUDA runtime is found, using CUDA_HOME='/cm/shared/apps/cuda11.7/toolkit/11.7.1'
No CUDA runtime is found, using CUDA_HOME='/cm/shared/apps/cuda11.7/toolkit/11.7.1'
No CUDA runtime is found, using CUDA_HOME='/cm/shared/apps/cuda11.7/toolkit/11.7.1'
No CUDA runtime is found, using CUDA_HOME='/cm/shared/apps/cuda11.7/toolkit/11.7.1'
No CUDA runtime is found, using CUDA_HOME='/cm/shared/apps/cuda11.7/toolkit/11.7.1'
No CUDA runtime is found, using CUDA_HOME='/cm/shared/apps/cuda11.7/toolkit/11.7.1'
slurmstepd: error: *** JOB 19436 ON node003 CANCELLED AT 2023-11-13T04:02:59 ***
